
cg/fixed-point gamma = 1.000e+03
---------------------------------

TOL	Error		CPU time	Steps		Iterations	Index	N
--------------------------------------------------------------------------------------
1.0e-06	0.000e+00	40.270		117089 (1)	4.000 (0.000)	1.0  1000
1.0e-06	0.000e+00	84.000		117091 (1)	4.000 (0.000)	1.0  2000
1.0e-06	0.000e+00	136.930		117090 (1)	4.000 (0.000)	1.0  4000
1.0e-06	0.000e+00	241.330		117089 (1)	4.000 (0.000)	1.0  8000
1.0e-06	0.000e+00	452.870		117089 (1)	4.000 (0.000)	1.0  16000

mcg/newton gamma = 1.000e+03
---------------------------------

TOL	Error		CPU time	Steps		Iterations	Index	N
--------------------------------------------------------------------------------------
1.0e-06	1.586e-07	165.670		501 (8)	9.399 (6.104)	142.242  1000
1.0e-06	1.844e-07	180.490		500 (11)	9.428 (6.157)	255.527  2000
1.0e-06	4.240e-06	220.870		498 (6)	9.390 (6.148)	522.825  4000
1.0e-06	2.478e-07	235.040		497 (7)	9.433 (6.128)	803.367  8000
1.0e-06	1.143e-07	335.610		499 (8)	9.399 (6.102)	1183.521  16000

mcg/fixed-point gamma = 1.000e+03
---------------------------------

TOL	Error		CPU time	Steps		Iterations	Index	N
--------------------------------------------------------------------------------------
1.0e-06	3.489e-07	25.760		499 (6)	5.008 (1.637)	140.697  1000
1.0e-06	3.381e-06	30.750		500 (10)	5.046 (1.641)	279.738  2000
1.0e-06	3.475e-06	30.330		501 (10)	5.098 (1.656)	463.085  4000
1.0e-06	2.257e-07	35.970		500 (8)	5.078 (1.696)	797.989  8000
1.0e-06	3.481e-06	46.330		500 (9)	5.088 (1.669)	1341.046  16000
