
cg/fixed-point gamma = 1.000e+03
---------------------------------

TOL	Error		CPU time	Steps		Iterations	Index	N
--------------------------------------------------------------------------------------
1.0e-06	0.000e+00	29.870		117089 (1)	4.000 (0.000)	1.0  1000
1.0e-06	0.000e+00	68.620		117091 (1)	4.000 (0.000)	1.0  2000
1.0e-06	0.000e+00	106.280		117090 (1)	4.000 (0.000)	1.0  4000
1.0e-06	0.000e+00	184.120		117089 (1)	4.000 (0.000)	1.0  8000
1.0e-06	0.000e+00	343.440		117089 (1)	4.000 (0.000)	1.0  16000

mcg/newton gamma = 1.000e+03
---------------------------------

TOL	Error		CPU time	Steps		Iterations	Index	N
--------------------------------------------------------------------------------------
1.0e-06	9.408e-07	192.430		491 (7)	9.493 (6.411)	141.349  1000
1.0e-06	2.486e-06	207.420		491 (10)	9.532 (6.443)	258.233  2000
1.0e-06	3.900e-06	259.530		491 (6)	9.432 (6.520)	494.670  4000
1.0e-06	5.306e-07	262.290		492 (7)	9.504 (6.414)	767.081  8000
1.0e-06	1.835e-06	328.120		496 (10)	9.464 (6.417)	1145.757  16000

mcg/fixed-point gamma = 1.000e+03
---------------------------------

TOL	Error		CPU time	Steps		Iterations	Index	N
--------------------------------------------------------------------------------------
1.0e-06	1.739e-07	28.750		492 (8)	5.073 (1.633)	139.185  1000
1.0e-06	1.645e-06	29.890		488 (8)	5.121 (1.633)	259.137  2000
1.0e-06	1.826e-07	34.690		496 (9)	5.065 (1.659)	491.915  4000
1.0e-06	2.498e-06	40.940		495 (10)	5.230 (1.697)	735.008  8000
1.0e-06	1.756e-06	50.050		497 (10)	5.143 (1.696)	1143.120  16000
